08:22:22.939 [Test worker] WARN  org.testng.internal.Configuration -- Detected a static method [tests.BaseTest.startBrowser()]. Static configuration methods can cause unexpected behavior.
08:22:22.946 [Test worker] WARN  org.testng.internal.Configuration -- Detected a static method [tests.BaseTest.tearDown()]. Static configuration methods can cause unexpected behavior.
08:22:23.034 [Test worker] INFO  tests.BaseTest -- run browser settings 
08:22:23.656 [Test worker] INFO  i.g.bonigarcia.wdm.WebDriverManager -- Using chromedriver 124.0.6367.91 (resolved driver for Chrome 124)
08:22:23.713 [Test worker] INFO  i.g.bonigarcia.wdm.WebDriverManager -- Exporting webdriver.chrome.driver as C:\Users\AIT TR Student\.cache\selenium\chromedriver\win64\124.0.6367.91\chromedriver.exe
08:22:27.202 [Test worker] INFO  tests.BaseTest -- Start test: loginNegativeWithoutEmail with data []
08:22:30.661 [Test worker] INFO  tests.BaseTest -- PASSED loginNegativeWithoutEmail
08:22:30.662 [Test worker] INFO  tests.BaseTest -- Stop test
08:22:30.662 [Test worker] INFO  tests.BaseTest -- -------------------------------------------------------
08:22:30.668 [Test worker] INFO  tests.BaseTest -- Start test: loginNegativeWithoutPassword with data []
08:22:33.232 [Test worker] INFO  tests.BaseTest -- PASSED loginNegativeWithoutPassword
08:22:33.232 [Test worker] INFO  tests.BaseTest -- Stop test
08:22:33.232 [Test worker] INFO  tests.BaseTest -- -------------------------------------------------------
08:22:33.238 [Test worker] INFO  tests.BaseTest -- Start test: positiveLoginTest with data []
08:22:33.993 [Test worker] INFO  helpers.BaseHelper -- Locator: findElement: By.xpath: //div[contains(@class,'navbar-logged')]//button
08:22:34.289 [Test worker] INFO  helpers.BaseHelper -- get text from element: Sign Out
08:22:34.291 [Test worker] INFO  helpers.BaseHelper -- Locator: findElement: By.xpath: //div[contains(@class,'navbar-logged')]//button
08:22:34.479 [Test worker] INFO  tests.BaseTest -- PASSED positiveLoginTest
08:22:34.480 [Test worker] INFO  tests.BaseTest -- Stop test
08:22:34.480 [Test worker] INFO  tests.BaseTest -- -------------------------------------------------------
08:22:34.483 [Test worker] INFO  tests.BaseTest -- Start test: positiveLoginTest1 with data []
08:22:35.218 [Test worker] INFO  helpers.BaseHelper -- Locator: findElement: By.xpath: //div[contains(@class,'navbar-logged')]//button
08:22:35.470 [Test worker] INFO  helpers.BaseHelper -- get text from element: Sign Out
08:22:35.473 [Test worker] INFO  helpers.BaseHelper -- Locator: findElement: By.xpath: //div[contains(@class,'navbar-logged')]//button
08:22:35.652 [Test worker] INFO  tests.BaseTest -- PASSED positiveLoginTest1
08:22:35.652 [Test worker] INFO  tests.BaseTest -- Stop test
08:22:35.652 [Test worker] INFO  tests.BaseTest -- -------------------------------------------------------
08:22:35.668 [Test worker] INFO  tests.BaseTest -- quit browser
