08:17:05.324 [Test worker] WARN  org.testng.internal.Configuration -- Detected a static method [tests.BaseTest.startBrowser()]. Static configuration methods can cause unexpected behavior.
08:17:05.332 [Test worker] WARN  org.testng.internal.Configuration -- Detected a static method [tests.BaseTest.tearDown()]. Static configuration methods can cause unexpected behavior.
08:17:05.468 [Test worker] INFO  tests.BaseTest -- run browser settings 
08:17:07.335 [Test worker] INFO  i.g.bonigarcia.wdm.WebDriverManager -- Using chromedriver 124.0.6367.91 (resolved driver for Chrome 124)
08:17:07.370 [Test worker] INFO  i.g.bonigarcia.wdm.WebDriverManager -- Exporting webdriver.chrome.driver as C:\Users\AIT TR Student\.cache\selenium\chromedriver\win64\124.0.6367.91\chromedriver.exe
08:17:12.658 [Test worker] INFO  tests.BaseTest -- Start test: loginNegativeWithoutEmail with data []
08:17:15.949 [Test worker] INFO  tests.BaseTest -- PASSED loginNegativeWithoutEmail
08:17:15.949 [Test worker] INFO  tests.BaseTest -- Stop test
08:17:15.950 [Test worker] INFO  tests.BaseTest -- -------------------------------------------------------
08:17:15.971 [Test worker] INFO  tests.BaseTest -- Start test: loginNegativeWithoutPassword with data []
08:17:18.530 [Test worker] INFO  tests.BaseTest -- PASSED loginNegativeWithoutPassword
08:17:18.530 [Test worker] INFO  tests.BaseTest -- Stop test
08:17:18.530 [Test worker] INFO  tests.BaseTest -- -------------------------------------------------------
08:17:18.536 [Test worker] INFO  tests.BaseTest -- Start test: positiveLoginTest with data []
08:17:19.275 [Test worker] INFO  helpers.BaseHelper -- Locator: findElement: By.xpath: //div[contains(@class,'navbar-logged')]//button
08:17:19.586 [Test worker] INFO  helpers.BaseHelper -- get text from element: Sign Out
08:17:19.588 [Test worker] INFO  helpers.BaseHelper -- Locator: findElement: By.xpath: //div[contains(@class,'navbar-logged')]//button
08:17:19.932 [Test worker] INFO  tests.BaseTest -- PASSED positiveLoginTest
08:17:19.934 [Test worker] INFO  tests.BaseTest -- Stop test
08:17:19.934 [Test worker] INFO  tests.BaseTest -- -------------------------------------------------------
08:17:19.937 [Test worker] INFO  tests.BaseTest -- Start test: positiveLoginTest1 with data []
08:17:20.860 [Test worker] INFO  helpers.BaseHelper -- Locator: findElement: By.xpath: //div[contains(@class,'navbar-logged')]//button
08:17:21.135 [Test worker] INFO  helpers.BaseHelper -- get text from element: Sign Out
08:17:21.137 [Test worker] INFO  helpers.BaseHelper -- Locator: findElement: By.xpath: //div[contains(@class,'navbar-logged')]//button
08:17:21.290 [Test worker] INFO  tests.BaseTest -- PASSED positiveLoginTest1
08:17:21.290 [Test worker] INFO  tests.BaseTest -- Stop test
08:17:21.291 [Test worker] INFO  tests.BaseTest -- -------------------------------------------------------
08:17:21.330 [Test worker] INFO  tests.BaseTest -- quit browser
